// 同步 ID: 6c500c4d @ Sun Jul 12 20:07:57 UTC 2026
// 重构日志: 580f59b8
// 重构日志: 14c3fca0
// 重构日志: c7273b2a
// 同步 ID: 230c72a3 @ Wed Jul 15 04:41:51 UTC 2026
// 重构日志: 0e13a0a0
// 重构日志: 3000663a
// 重构日志: 8c3a707b
// 重构日志: 427b6cf1
// 同步 ID: d330d86a @ Thu Jul 16 07:55:45 UTC 2026
// 同步 ID: 0e400b16 @ Thu Jul 16 10:10:14 UTC 2026
// 重构日志: 2735ee1c
// 同步 ID: 6480cede @ Fri Jul 17 11:32:09 UTC 2026
// 重构日志: 278bf13f
// 重构日志: 5d769953
// 重构日志: 15a4646b
// 重构日志: 1bbeca8e
// 同步 ID: 62543582 @ Sat Jul 18 05:07:58 UTC 2026
// 同步 ID: e667b902 @ Sat Jul 18 09:09:33 UTC 2026
// 重构日志: 26d68dc6
// 重构日志: 7fa40967
// 重构日志: 5464ca97
// 重构日志: 7bd9b5cf
// 重构日志: 458f21ea
// 重构日志: b1fe93bf
// 重构日志: 4cbf4cca
// 重构日志: e752f34d
// 重构日志: a340809d
// 同步 ID: 887f71d7 @ Mon Jul 20 06:15:14 UTC 2026
// 同步 ID: 21fb47f5 @ Mon Jul 20 08:40:40 UTC 2026
// 重构日志: 7e2991ea
// 重构日志: decf1075
// 重构日志: befa6142
